OMNeT++ Discrete Event Simulation  (C) 1992-2022 Andras Varga, OpenSim Ltd.
Version: 6.0.1, build: 220831-e4f07d04b8, edition: Academic Public License -- NOT FOR COMMERCIAL USE
See the license for distribution terms and warranty disclaimer

Setting up Cmdenv...

Loading NED files from ../../../networks/:  7
Loading NED files from ../../../src/:  1
Loading NED files from ../../../../inet4.5/src:  1187
Loading NED files from ../../../../Simu5G-1.2.2/src:  93

Preparing for running configuration TC-Base-Mob100-001, run #3...
Scenario: $numUEs=100, $u=0, $numRbs=2, $simtime=3600s, $repetition=0
Assigned runID=TC-Base-Mob100-001-3-20240830-20:50:43-57399
Setting up network "Base_Config_1RAN"...
[INFO]	*****LTH Binder ueIdOffset_0****
[INFO]	*****LTH Binder macNodeIdCounter_[2]2049****
[INFO]	 LTH Just after initialize postInitMessage in Binder()
Initializing...

Running simulation...
** Event #0   t=0   Elapsed: 8e-06s (0m 00s)  0% completed  (0% total)
     Speed:     ev/sec=0   simsec/sec=0   ev/simsec=0
     Messages:  created: 2312   present: 2112   in FES: 410
** Event #3012608   t=14.129   Elapsed: 2.00008s (0m 02s)  0% completed  (0% total)
     Speed:     ev/sec=1.50625e+06   simsec/sec=7.06422   ev/simsec=213222
     Messages:  created: 196456   present: 2107   in FES: 404
** Event #6017792   t=28.225   Elapsed: 4.00015s (0m 04s)  0% completed  (0% total)
     Speed:     ev/sec=1.50255e+06   simsec/sec=7.04779   ev/simsec=213194
     Messages:  created: 389366   present: 2107   in FES: 404
** Event #8961792   t=42.034   Elapsed: 6.00017s (0m 06s)  1% completed  (1% total)
     Speed:     ev/sec=1.47198e+06   simsec/sec=6.90442   ev/simsec=213194
     Messages:  created: 578489   present: 2107   in FES: 404
** Event #11991552   t=56.243   Elapsed: 8.00102s (0m 08s)  1% completed  (1% total)
     Speed:     ev/sec=1.51423e+06   simsec/sec=7.10147   ev/simsec=213228
     Messages:  created: 773512   present: 2107   in FES: 404
** Event #15042816   t=70.557   Elapsed: 10.0011s (0m 10s)  1% completed  (1% total)
     Speed:     ev/sec=1.5256e+06   simsec/sec=7.15686   ev/simsec=213166
     Messages:  created: 969140   present: 2107   in FES: 404
** Event #18105600   t=84.922   Elapsed: 12.0011s (0m 12s)  2% completed  (2% total)
     Speed:     ev/sec=1.53133e+06   simsec/sec=7.18222   ev/simsec=213212
     Messages:  created: 1166319   present: 2307   in FES: 504
** Event #21029632   t=98.637   Elapsed: 14.0012s (0m 14s)  2% completed  (2% total)
     Speed:     ev/sec=1.46201e+06   simsec/sec=6.85745   ev/simsec=213200
     Messages:  created: 1353848   present: 2107   in FES: 404
** Event #23828480   t=111.763   Elapsed: 16.0012s (0m 16s)  3% completed  (3% total)
     Speed:     ev/sec=1.39936e+06   simsec/sec=6.56271   ev/simsec=213229
     Messages:  created: 1534087   present: 2107   in FES: 404
** Event #26625536   t=124.883   Elapsed: 18.0031s (0m 18s)  3% completed  (3% total)
     Speed:     ev/sec=1.39725e+06   simsec/sec=6.55398   ev/simsec=213190
     Messages:  created: 1713820   present: 2107   in FES: 404
** Event #29448448   t=138.123   Elapsed: 20.0047s (0m 20s)  3% completed  (3% total)
     Speed:     ev/sec=1.41032e+06   simsec/sec=6.6147   ev/simsec=213211
     Messages:  created: 1895374   present: 2107   in FES: 404
** Event #32187648   t=150.972   Elapsed: 22.0048s (0m 22s)  4% completed  (4% total)
     Speed:     ev/sec=1.36953e+06   simsec/sec=6.42417   ev/simsec=213184
     Messages:  created: 2071135   present: 2107   in FES: 404
** Event #34981376   t=164.076   Elapsed: 24.0048s (0m 24s)  4% completed  (4% total)
     Speed:     ev/sec=1.39684e+06   simsec/sec=6.5519   ev/simsec=213197
     Messages:  created: 2250553   present: 2107   in FES: 404
** Event #37438208   t=175.6   Elapsed: 26.0976s (0m 26s)  4% completed  (4% total)
     Speed:     ev/sec=1.17394e+06   simsec/sec=5.50646   ev/simsec=213193
     Messages:  created: 2408385   present: 2155   in FES: 452
** Event #40260096   t=188.836   Elapsed: 28.0977s (0m 28s)  5% completed  (5% total)
     Speed:     ev/sec=1.41093e+06   simsec/sec=6.61792   ev/simsec=213198
     Messages:  created: 2589637   present: 2107   in FES: 404
** Event #43042048   t=201.883   Elapsed: 30.0994s (0m 30s)  5% completed  (5% total)
     Speed:     ev/sec=1.38977e+06   simsec/sec=6.51783   ev/simsec=213225
     Messages:  created: 2768797   present: 2107   in FES: 404
** Event #45728000   t=214.481   Elapsed: 32.0995s (0m 32s)  5% completed  (5% total)
     Speed:     ev/sec=1.34292e+06   simsec/sec=6.29875   ev/simsec=213205
     Messages:  created: 2941508   present: 2307   in FES: 504
** Event #48546304   t=227.7   Elapsed: 34.0995s (0m 34s)  6% completed  (6% total)
     Speed:     ev/sec=1.40915e+06   simsec/sec=6.60947   ev/simsec=213201
     Messages:  created: 3122340   present: 2107   in FES: 404
** Event #51391232   t=241.043   Elapsed: 36.1004s (0m 36s)  6% completed  (6% total)
     Speed:     ev/sec=1.42181e+06   simsec/sec=6.66843   ev/simsec=213215
     Messages:  created: 3305497   present: 2107   in FES: 404
** Event #54199552   t=254.215   Elapsed: 38.1005s (0m 38s)  7% completed  (7% total)
     Speed:     ev/sec=1.40411e+06   simsec/sec=6.58579   ev/simsec=213204
     Messages:  created: 3485782   present: 2107   in FES: 404
** Event #57044992   t=267.562   Elapsed: 40.1006s (0m 40s)  7% completed  (7% total)
     Speed:     ev/sec=1.42265e+06   simsec/sec=6.67318   ev/simsec=213189
     Messages:  created: 3668742   present: 2307   in FES: 504
** Event #59874816   t=280.836   Elapsed: 42.1007s (0m 42s)  7% completed  (7% total)
     Speed:     ev/sec=1.41482e+06   simsec/sec=6.63659   ev/simsec=213185
     Messages:  created: 3850129   present: 2107   in FES: 404
** Event #62700032   t=294.085   Elapsed: 44.1007s (0m 44s)  8% completed  (8% total)
     Speed:     ev/sec=1.41257e+06   simsec/sec=6.62432   ev/simsec=213240
     Messages:  created: 4032192   present: 2107   in FES: 404
** Event #65505280   t=307.243   Elapsed: 46.1011s (0m 46s)  8% completed  (8% total)
     Speed:     ev/sec=1.4024e+06   simsec/sec=6.57793   ev/simsec=213197
     Messages:  created: 4212463   present: 2107   in FES: 404
** Event #68342784   t=320.554   Elapsed: 48.1011s (0m 48s)  8% completed  (8% total)
     Speed:     ev/sec=1.41872e+06   simsec/sec=6.65535   ev/simsec=213170
     Messages:  created: 4394387   present: 2107   in FES: 404
** Event #71181312   t=333.868   Elapsed: 50.1012s (0m 50s)  9% completed  (9% total)
     Speed:     ev/sec=1.41923e+06   simsec/sec=6.65683   ev/simsec=213199
     Messages:  created: 4576814   present: 2107   in FES: 404
** Event #74022912   t=347.196   Elapsed: 52.1013s (0m 52s)  9% completed  (9% total)
     Speed:     ev/sec=1.42071e+06   simsec/sec=6.66358   ev/simsec=213205
     Messages:  created: 4759456   present: 2107   in FES: 404
** Event #76395520   t=358.323   Elapsed: 54.1031s (0m 54s)  9% completed  (9% total)
     Speed:     ev/sec=1.18522e+06   simsec/sec=5.5584   ev/simsec=213230
     Messages:  created: 4912294   present: 2107   in FES: 404
** Event #79218432   t=371.563   Elapsed: 56.1036s (0m 56s)  10% completed  (10% total)
     Speed:     ev/sec=1.4111e+06   simsec/sec=6.61835   ev/simsec=213211
     Messages:  created: 5093647   present: 2107   in FES: 404
** Event #82061824   t=384.901   Elapsed: 58.1036s (0m 58s)  10% completed  (10% total)
     Speed:     ev/sec=1.42168e+06   simsec/sec=6.6689   ev/simsec=213180
     Messages:  created: 5276098   present: 2107   in FES: 404
** Event #84904448   t=398.234   Elapsed: 60.1036s (1m 00s)  11% completed  (11% total)
     Speed:     ev/sec=1.42131e+06   simsec/sec=6.66649   ev/simsec=213202
     Messages:  created: 5458745   present: 2107   in FES: 404
** Event #87734528   t=411.508   Elapsed: 62.1037s (1m 02s)  11% completed  (11% total)
     Speed:     ev/sec=1.41498e+06   simsec/sec=6.6367   ev/simsec=213205
     Messages:  created: 5640632   present: 2107   in FES: 404
** Event #90581248   t=424.86   Elapsed: 64.1038s (1m 04s)  11% completed  (11% total)
     Speed:     ev/sec=1.42334e+06   simsec/sec=6.67589   ev/simsec=213206
     Messages:  created: 5823597   present: 2107   in FES: 404
** Event #93434624   t=438.242   Elapsed: 66.1044s (1m 06s)  12% completed  (12% total)
     Speed:     ev/sec=1.42621e+06   simsec/sec=6.68876   ev/simsec=213225
     Messages:  created: 6007293   present: 2125   in FES: 413
** Event #96265984   t=451.523   Elapsed: 68.1064s (1m 08s)  12% completed  (12% total)
     Speed:     ev/sec=1.41429e+06   simsec/sec=6.63399   ev/simsec=213189
     Messages:  created: 6189187   present: 2107   in FES: 404
** Event #99125248   t=464.935   Elapsed: 70.1064s (1m 10s)  12% completed  (12% total)
     Speed:     ev/sec=1.42961e+06   simsec/sec=6.70591   ev/simsec=213187
     Messages:  created: 6372712   present: 2107   in FES: 404
** Event #101939968   t=478.136   Elapsed: 72.1066s (1m 12s)  13% completed  (13% total)
     Speed:     ev/sec=1.40722e+06   simsec/sec=6.59982   ev/simsec=213220
     Messages:  created: 6553727   present: 2107   in FES: 404
** Event #104771840   t=491.419   Elapsed: 74.1067s (1m 14s)  13% completed  (13% total)
     Speed:     ev/sec=1.41587e+06   simsec/sec=6.6412   ev/simsec=213195
     Messages:  created: 6735623   present: 2107   in FES: 404
** Event #107620864   t=504.783   Elapsed: 76.1068s (1m 16s)  14% completed  (14% total)
     Speed:     ev/sec=1.42444e+06   simsec/sec=6.68165   ev/simsec=213186
     Messages:  created: 6918600   present: 2107   in FES: 404
** Event #110458880   t=518.093   Elapsed: 78.1068s (1m 18s)  14% completed  (14% total)
     Speed:     ev/sec=1.419e+06   simsec/sec=6.65495   ev/simsec=213224
     Messages:  created: 7101224   present: 2107   in FES: 404
** Event #112844288   t=529.282   Elapsed: 80.1069s (1m 20s)  14% completed  (14% total)
     Speed:     ev/sec=1.19266e+06   simsec/sec=5.59428   ev/simsec=213192
     Messages:  created: 7254624   present: 2307   in FES: 504
** Event #115675904   t=542.563   Elapsed: 82.1085s (1m 22s)  15% completed  (15% total)
     Speed:     ev/sec=1.41467e+06   simsec/sec=6.63515   ev/simsec=213208
     Messages:  created: 7436518   present: 2107   in FES: 404
** Event #118511872   t=555.866   Elapsed: 84.1086s (1m 24s)  15% completed  (15% total)
     Speed:     ev/sec=1.41793e+06   simsec/sec=6.65126   ev/simsec=213183
     Messages:  created: 7618434   present: 2107   in FES: 404
** Event #121341184   t=569.135   Elapsed: 86.1087s (1m 26s)  15% completed  (15% total)
     Speed:     ev/sec=1.41459e+06   simsec/sec=6.6342   ev/simsec=213227
     Messages:  created: 7800517   present: 2107   in FES: 404
** Event #124173056   t=582.418   Elapsed: 88.1087s (1m 28s)  16% completed  (16% total)
     Speed:     ev/sec=1.41593e+06   simsec/sec=6.64146   ev/simsec=213195
     Messages:  created: 7982413   present: 2107   in FES: 404
** Event #127009792   t=595.723   Elapsed: 90.1092s (1m 30s)  16% completed  (16% total)
     Speed:     ev/sec=1.41801e+06   simsec/sec=6.6508   ev/simsec=213208
     Messages:  created: 8164831   present: 2107   in FES: 404
** Event #129842432   t=609.009   Elapsed: 92.1092s (1m 32s)  16% completed  (16% total)
     Speed:     ev/sec=1.41631e+06   simsec/sec=6.64294   ev/simsec=213205
     Messages:  created: 8346931   present: 2107   in FES: 404
** Event #132706560   t=622.443   Elapsed: 94.1106s (1m 34s)  17% completed  (17% total)
     Speed:     ev/sec=1.43107e+06   simsec/sec=6.71231   ev/simsec=213200
     Messages:  created: 8530978   present: 2107   in FES: 404
** Event #135562240   t=635.839   Elapsed: 96.1106s (1m 36s)  17% completed  (17% total)
     Speed:     ev/sec=1.42783e+06   simsec/sec=6.69797   ev/simsec=213174
     Messages:  created: 8713987   present: 2107   in FES: 404
** Event #138388736   t=649.095   Elapsed: 98.1107s (1m 38s)  18% completed  (18% total)
     Speed:     ev/sec=1.41323e+06   simsec/sec=6.62793   ev/simsec=213224
     Messages:  created: 8896057   present: 2107   in FES: 404
** Event #141220608   t=662.378   Elapsed: 100.111s (1m 40s)  18% completed  (18% total)
     Speed:     ev/sec=1.41593e+06   simsec/sec=6.64149   ev/simsec=213195
     Messages:  created: 9077953   present: 2107   in FES: 404
** Event #144056832   t=675.681   Elapsed: 102.111s (1m 42s)  18% completed  (18% total)
     Speed:     ev/sec=1.41808e+06   simsec/sec=6.65136   ev/simsec=213202
     Messages:  created: 9260369   present: 2307   in FES: 504
** Event #146865152   t=688.853   Elapsed: 104.111s (1m 44s)  19% completed  (19% total)
     Speed:     ev/sec=1.40412e+06   simsec/sec=6.58581   ev/simsec=213204
     Messages:  created: 9440654   present: 2107   in FES: 404
** Event #149235456   t=699.971   Elapsed: 106.111s (1m 46s)  19% completed  (19% total)
     Speed:     ev/sec=1.18512e+06   simsec/sec=5.55886   ev/simsec=213195
     Messages:  created: 9592983   present: 2107   in FES: 404
** Event #152073728   t=713.282   Elapsed: 108.112s (1m 48s)  19% completed  (19% total)
     Speed:     ev/sec=1.41857e+06   simsec/sec=6.65287   ev/simsec=213228
     Messages:  created: 9775608   present: 2148   in FES: 424
** Event #154897408   t=726.527   Elapsed: 110.112s (1m 50s)  20% completed  (20% total)
     Speed:     ev/sec=1.41177e+06   simsec/sec=6.62219   ev/simsec=213188
     Messages:  created: 9956966   present: 2107   in FES: 404
** Event #157719296   t=739.763   Elapsed: 112.114s (1m 52s)  20% completed  (20% total)
     Speed:     ev/sec=1.40952e+06   simsec/sec=6.61133   ev/simsec=213198
     Messages:  created: 10138315   present: 2107   in FES: 404
** Event #160558336   t=753.08   Elapsed: 114.114s (1m 54s)  20% completed  (20% total)
     Speed:     ev/sec=1.41951e+06   simsec/sec=6.65844   ev/simsec=213189
     Messages:  created: 10320623   present: 2195   in FES: 492
** Event #163365120   t=766.243   Elapsed: 116.114s (1m 56s)  21% completed  (21% total)
     Speed:     ev/sec=1.40337e+06   simsec/sec=6.58137   ev/simsec=213233
     Messages:  created: 10501222   present: 2107   in FES: 404
** Event #166205696   t=779.567   Elapsed: 118.114s (1m 58s)  21% completed  (21% total)
     Speed:     ev/sec=1.42027e+06   simsec/sec=6.66193   ev/simsec=213192
     Messages:  created: 10683659   present: 2107   in FES: 404
** Event #169044224   t=792.882   Elapsed: 120.114s (2m 00s)  22% completed  (22% total)
     Speed:     ev/sec=1.41922e+06   simsec/sec=6.65727   ev/simsec=213183
     Messages:  created: 10866087   present: 2307   in FES: 504
** Event #171900672   t=806.28   Elapsed: 122.114s (2m 02s)  22% completed  (22% total)
     Speed:     ev/sec=1.42816e+06   simsec/sec=6.69869   ev/simsec=213200
     Messages:  created: 11049499   present: 2207   in FES: 504
** Event #174758144   t=819.682   Elapsed: 124.114s (2m 04s)  22% completed  (22% total)
     Speed:     ev/sec=1.4287e+06   simsec/sec=6.70085   ev/simsec=213212
     Messages:  created: 11233314   present: 2307   in FES: 504
** Event #177594624   t=832.987   Elapsed: 126.114s (2m 06s)  23% completed  (23% total)
     Speed:     ev/sec=1.41818e+06   simsec/sec=6.65223   ev/simsec=213189
     Messages:  created: 11415232   present: 2107   in FES: 404
** Event #180429824   t=846.283   Elapsed: 128.115s (2m 08s)  23% completed  (23% total)
     Speed:     ev/sec=1.4169e+06   simsec/sec=6.64471   ev/simsec=213237
     Messages:  created: 11597842   present: 2107   in FES: 404
** Event #183257856   t=859.549   Elapsed: 130.115s (2m 10s)  23% completed  (23% total)
     Speed:     ev/sec=1.41401e+06   simsec/sec=6.63299   ev/simsec=213179
     Messages:  created: 11779221   present: 2107   in FES: 404
** Event #186117376   t=872.962   Elapsed: 132.115s (2m 12s)  24% completed  (24% total)
     Speed:     ev/sec=1.42968e+06   simsec/sec=6.70614   ev/simsec=213190
     Messages:  created: 11963247   present: 2307   in FES: 504
** Event #188508160   t=884.174   Elapsed: 134.115s (2m 14s)  24% completed  (24% total)
     Speed:     ev/sec=1.1953e+06   simsec/sec=5.60558   ev/simsec=213234
     Messages:  created: 12116871   present: 2107   in FES: 404
** Event #191336704   t=897.442   Elapsed: 136.115s (2m 16s)  24% completed  (24% total)
     Speed:     ev/sec=1.41423e+06   simsec/sec=6.6338   ev/simsec=213185
     Messages:  created: 12298752   present: 2307   in FES: 504
** Event #194166528   t=910.716   Elapsed: 138.115s (2m 18s)  25% completed  (25% total)
     Speed:     ev/sec=1.41486e+06   simsec/sec=6.63678   ev/simsec=213185
     Messages:  created: 12480139   present: 2107   in FES: 404
** Event #196977664   t=923.9   Elapsed: 140.116s (2m 20s)  25% completed  (25% total)
     Speed:     ev/sec=1.40551e+06   simsec/sec=6.59173   ev/simsec=213223
     Messages:  created: 12660936   present: 2107   in FES: 404
** Event #199814144   t=937.203   Elapsed: 142.116s (2m 22s)  26% completed  (26% total)
     Speed:     ev/sec=1.41809e+06   simsec/sec=6.65079   ev/simsec=213221
     Messages:  created: 12843553   present: 2107   in FES: 404
** Event #202628096   t=950.402   Elapsed: 144.116s (2m 24s)  26% completed  (26% total)
     Speed:     ev/sec=1.40647e+06   simsec/sec=6.59713   ev/simsec=213194
     Messages:  created: 13024365   present: 2251   in FES: 476
** Event #205459456   t=963.682   Elapsed: 146.117s (2m 26s)  26% completed  (26% total)
     Speed:     ev/sec=1.41541e+06   simsec/sec=6.63872   ev/simsec=213205
     Messages:  created: 13206258   present: 2159   in FES: 430
** Event #208292864   t=976.973   Elapsed: 148.117s (2m 28s)  27% completed  (27% total)
     Speed:     ev/sec=1.41665e+06   simsec/sec=6.64522   ev/simsec=213182
     Messages:  created: 13388162   present: 2107   in FES: 404
** Event #211144448   t=990.348   Elapsed: 150.117s (2m 30s)  27% completed  (27% total)
     Speed:     ev/sec=1.42577e+06   simsec/sec=6.68738   ev/simsec=213203
     Messages:  created: 13571351   present: 2107   in FES: 404
** Event #213972992   t=1003.615   Elapsed: 152.117s (2m 32s)  27% completed  (27% total)
     Speed:     ev/sec=1.41422e+06   simsec/sec=6.63326   ev/simsec=213201
     Messages:  created: 13753231   present: 2107   in FES: 404
** Event #216827648   t=1017.003   Elapsed: 154.119s (2m 34s)  28% completed  (28% total)
     Speed:     ev/sec=1.42629e+06   simsec/sec=6.68913   ev/simsec=213225
     Messages:  created: 13936933   present: 2107   in FES: 404
** Event #219666176   t=1030.319   Elapsed: 156.119s (2m 36s)  28% completed  (28% total)
     Speed:     ev/sec=1.41918e+06   simsec/sec=6.6576   ev/simsec=213167
     Messages:  created: 14118862   present: 2107   in FES: 404
** Event #222490112   t=1043.562   Elapsed: 158.12s (2m 38s)  28% completed  (28% total)
     Speed:     ev/sec=1.41116e+06   simsec/sec=6.61769   ev/simsec=213240
     Messages:  created: 14300718   present: 2107   in FES: 404
** Event #224868864   t=1054.721   Elapsed: 160.12s (2m 40s)  29% completed  (29% total)
     Speed:     ev/sec=1.18932e+06   simsec/sec=5.57922   ev/simsec=213169
     Messages:  created: 14453588   present: 2307   in FES: 504
** Event #227700992   t=1068.003   Elapsed: 162.12s (2m 42s)  29% completed  (29% total)
     Speed:     ev/sec=1.41564e+06   simsec/sec=6.63902   ev/simsec=213231
     Messages:  created: 14635684   present: 2107   in FES: 404
** Event #230486784   t=1081.071   Elapsed: 164.121s (2m 44s)  30% completed  (30% total)
     Speed:     ev/sec=1.39283e+06   simsec/sec=6.53368   ev/simsec=213177
     Messages:  created: 14814365   present: 2107   in FES: 404
** Event #233300224   t=1094.267   Elapsed: 166.121s (2m 46s)  30% completed  (30% total)
     Speed:     ev/sec=1.4067e+06   simsec/sec=6.59792   ev/simsec=213204
     Messages:  created: 14995174   present: 2107   in FES: 404
** Event #236101120   t=1107.403   Elapsed: 168.122s (2m 48s)  30% completed  (30% total)
     Speed:     ev/sec=1.39976e+06   simsec/sec=6.5648   ev/simsec=213223
     Messages:  created: 15175423   present: 2107   in FES: 404
** Event #238913024   t=1120.594   Elapsed: 170.122s (2m 50s)  31% completed  (31% total)
     Speed:     ev/sec=1.40593e+06   simsec/sec=6.5954   ev/simsec=213168
     Messages:  created: 15355727   present: 2107   in FES: 404
** Event #241746432   t=1133.882   Elapsed: 172.123s (2m 52s)  31% completed  (31% total)
     Speed:     ev/sec=1.41541e+06   simsec/sec=6.63794   ev/simsec=213231
     Messages:  created: 15538128   present: 2141   in FES: 421
** Event #244550656   t=1147.036   Elapsed: 174.123s (2m 54s)  31% completed  (31% total)
     Speed:     ev/sec=1.40211e+06   simsec/sec=6.57697   ev/simsec=213184
     Messages:  created: 15718096   present: 2107   in FES: 404
** Event #247309824   t=1159.978   Elapsed: 176.124s (2m 56s)  32% completed  (32% total)
     Speed:     ev/sec=1.37952e+06   simsec/sec=6.47071   ev/simsec=213195
     Messages:  created: 15895450   present: 2107   in FES: 404
** Event #250172416   t=1173.403   Elapsed: 178.125s (2m 58s)  32% completed  (32% total)
     Speed:     ev/sec=1.43012e+06   simsec/sec=6.707   ev/simsec=213228
     Messages:  created: 16079689   present: 2107   in FES: 404
** Event #253020672   t=1186.763   Elapsed: 180.126s (3m 00s)  32% completed  (32% total)
     Speed:     ev/sec=1.42365e+06   simsec/sec=6.67774   ev/simsec=213193
     Messages:  created: 16262662   present: 2107   in FES: 404
** Event #255863040   t=1200.094   Elapsed: 182.126s (3m 02s)  33% completed  (33% total)
     Speed:     ev/sec=1.42114e+06   simsec/sec=6.66529   ev/simsec=213215
     Messages:  created: 16445307   present: 2107   in FES: 404
** Event #258683392   t=1213.323   Elapsed: 184.129s (3m 04s)  33% completed  (33% total)
     Speed:     ev/sec=1.4083e+06   simsec/sec=6.60572   ev/simsec=213195
     Messages:  created: 16626649   present: 2107   in FES: 404
** Event #261032960   t=1224.344   Elapsed: 186.129s (3m 06s)  34% completed  (34% total)
     Speed:     ev/sec=1.17475e+06   simsec/sec=5.51032   ev/simsec=213190
     Messages:  created: 16777381   present: 2107   in FES: 404
** Event #263851264   t=1237.562   Elapsed: 188.13s (3m 08s)  34% completed  (34% total)
     Speed:     ev/sec=1.4083e+06   simsec/sec=6.60499   ev/simsec=213217
     Messages:  created: 16958712   present: 2170   in FES: 435
** Event #266685440   t=1250.856   Elapsed: 190.13s (3m 10s)  34% completed  (34% total)
     Speed:     ev/sec=1.417e+06   simsec/sec=6.64657   ev/simsec=213192
     Messages:  created: 17140619   present: 2106   in FES: 403
** Event #269509632   t=1264.103   Elapsed: 192.13s (3m 12s)  35% completed  (35% total)
     Speed:     ev/sec=1.41199e+06   simsec/sec=6.62298   ev/simsec=213195
     Messages:  created: 17322180   present: 2107   in FES: 404
** Event #272336896   t=1277.363   Elapsed: 194.132s (3m 14s)  35% completed  (35% total)
     Speed:     ev/sec=1.41252e+06   simsec/sec=6.6248   ev/simsec=213217
     Messages:  created: 17504053   present: 2107   in FES: 404
** Event #275165440   t=1290.631   Elapsed: 196.132s (3m 16s)  35% completed  (35% total)
     Speed:     ev/sec=1.41424e+06   simsec/sec=6.63384   ev/simsec=213185
     Messages:  created: 17685434   present: 2107   in FES: 404
** Event #277982464   t=1303.843   Elapsed: 198.132s (3m 18s)  36% completed  (36% total)
     Speed:     ev/sec=1.40813e+06   simsec/sec=6.60421   ev/simsec=213217
     Messages:  created: 17866759   present: 2107   in FES: 404
** Event #280808192   t=1317.097   Elapsed: 200.132s (3m 20s)  36% completed  (36% total)
     Speed:     ev/sec=1.41281e+06   simsec/sec=6.62676   ev/simsec=213198
     Messages:  created: 18048327   present: 2107   in FES: 404
** Event #283632384   t=1330.344   Elapsed: 202.132s (3m 22s)  36% completed  (36% total)
     Speed:     ev/sec=1.41209e+06   simsec/sec=6.62345   ev/simsec=213195
     Messages:  created: 18229687   present: 2107   in FES: 404
** Event #286470144   t=1343.654   Elapsed: 204.132s (3m 24s)  37% completed  (37% total)
     Speed:     ev/sec=1.41888e+06   simsec/sec=6.655   ev/simsec=213205
     Messages:  created: 18412110   present: 2107   in FES: 404
** Event #289321728   t=1357.029   Elapsed: 206.132s (3m 26s)  37% completed  (37% total)
     Speed:     ev/sec=1.42572e+06   simsec/sec=6.68714   ev/simsec=213203
     Messages:  created: 18595299   present: 2107   in FES: 404
** Event #292141056   t=1370.252   Elapsed: 208.133s (3m 28s)  38% completed  (38% total)
     Speed:     ev/sec=1.40964e+06   simsec/sec=6.61137   ev/simsec=213214
     Messages:  created: 18776635   present: 2107   in FES: 404
** Event #294951680   t=1383.437   Elapsed: 210.133s (3m 30s)  38% completed  (38% total)
     Speed:     ev/sec=1.40529e+06   simsec/sec=6.59238   ev/simsec=213168
     Messages:  created: 18956933   present: 2107   in FES: 404
** Event #297767424   t=1396.642   Elapsed: 212.133s (3m 32s)  38% completed  (38% total)
     Speed:     ev/sec=1.40764e+06   simsec/sec=6.60142   ev/simsec=213233
     Messages:  created: 19138251   present: 2185   in FES: 443
** Event #300120832   t=1407.681   Elapsed: 214.133s (3m 34s)  39% completed  (39% total)
     Speed:     ev/sec=1.17665e+06   simsec/sec=5.51924   ev/simsec=213190
     Messages:  created: 19289501   present: 2307   in FES: 504
** Event #302923264   t=1420.826   Elapsed: 216.133s (3m 36s)  39% completed  (39% total)
     Speed:     ev/sec=1.40119e+06   simsec/sec=6.57239   ev/simsec=213194
     Messages:  created: 19469259   present: 2107   in FES: 404
** Event #305724160   t=1433.963   Elapsed: 218.134s (3m 38s)  39% completed  (39% total)
     Speed:     ev/sec=1.39973e+06   simsec/sec=6.56513   ev/simsec=213207
     Messages:  created: 19649509   present: 2107   in FES: 404
** Event #308545024   t=1447.194   Elapsed: 220.134s (3m 40s)  40% completed  (40% total)
     Speed:     ev/sec=1.41043e+06   simsec/sec=6.61549   ev/simsec=213201
     Messages:  created: 19830554   present: 2107   in FES: 404
** Event #311373312   t=1460.46   Elapsed: 222.134s (3m 42s)  40% completed  (40% total)
     Speed:     ev/sec=1.41408e+06   simsec/sec=6.63268   ev/simsec=213198
     Messages:  created: 20012433   present: 2107   in FES: 404
** Event #314201344   t=1473.724   Elapsed: 224.135s (3m 44s)  40% completed  (40% total)
     Speed:     ev/sec=1.41376e+06   simsec/sec=6.6308   ev/simsec=213211
     Messages:  created: 20194310   present: 2107   in FES: 404
** Event #316930048   t=1486.522   Elapsed: 226.136s (3m 46s)  41% completed  (41% total)
     Speed:     ev/sec=1.36361e+06   simsec/sec=6.39551   ev/simsec=213213
     Messages:  created: 20369721   present: 2202   in FES: 451
** Event #319721984   t=1499.618   Elapsed: 228.136s (3m 48s)  41% completed  (41% total)
     Speed:     ev/sec=1.39592e+06   simsec/sec=6.54778   ev/simsec=213190
     Messages:  created: 20548930   present: 2107   in FES: 404
** Event #322533120   t=1512.803   Elapsed: 230.136s (3m 50s)  42% completed  (42% total)
     Speed:     ev/sec=1.40547e+06   simsec/sec=6.59206   ev/simsec=213207
     Messages:  created: 20729728   present: 2107   in FES: 404
** Event #325356032   t=1526.043   Elapsed: 232.138s (3m 52s)  42% completed  (42% total)
     Speed:     ev/sec=1.40996e+06   simsec/sec=6.61297   ev/simsec=213211
     Messages:  created: 20911282   present: 2107   in FES: 404
** Event #328116224   t=1538.991   Elapsed: 234.138s (3m 54s)  42% completed  (42% total)
     Speed:     ev/sec=1.38006e+06   simsec/sec=6.47382   ev/simsec=213175
     Messages:  created: 21088142   present: 2107   in FES: 404
** Event #330907904   t=1552.083   Elapsed: 236.139s (3m 56s)  43% completed  (43% total)
     Speed:     ev/sec=1.39537e+06   simsec/sec=6.54379   ev/simsec=213236
     Messages:  created: 21268048   present: 2107   in FES: 404
** Event #333704960   t=1565.203   Elapsed: 238.139s (3m 58s)  43% completed  (43% total)
     Speed:     ev/sec=1.39844e+06   simsec/sec=6.55957   ev/simsec=213190
     Messages:  created: 21447781   present: 2107   in FES: 404
** Event #336055808   t=1576.23   Elapsed: 240.139s (4m 00s)  43% completed  (43% total)
     Speed:     ev/sec=1.17541e+06   simsec/sec=5.51344   ev/simsec=213190
     Messages:  created: 21598519   present: 2107   in FES: 404
** Event #338821888   t=1589.203   Elapsed: 242.139s (4m 02s)  44% completed  (44% total)
     Speed:     ev/sec=1.38275e+06   simsec/sec=6.48515   ev/simsec=213218
     Messages:  created: 21776605   present: 2107   in FES: 404
** Event #341643264   t=1602.438   Elapsed: 244.139s (4m 04s)  44% completed  (44% total)
     Speed:     ev/sec=1.41067e+06   simsec/sec=6.61744   ev/simsec=213175
     Messages:  created: 21957453   present: 2107   in FES: 404
** Event #344475648   t=1615.722   Elapsed: 246.14s (4m 06s)  44% completed  (44% total)
     Speed:     ev/sec=1.41596e+06   simsec/sec=6.64089   ev/simsec=213218
     Messages:  created: 22139850   present: 2278   in FES: 489
** Event #347307264   t=1629.002   Elapsed: 248.141s (4m 08s)  45% completed  (45% total)
     Speed:     ev/sec=1.41489e+06   simsec/sec=6.63568   ev/simsec=213224
     Messages:  created: 22321944   present: 2132   in FES: 416
** Event #350112000   t=1642.16   Elapsed: 250.141s (4m 10s)  45% completed  (45% total)
     Speed:     ev/sec=1.40232e+06   simsec/sec=6.5788   ev/simsec=213158
     Messages:  created: 22501744   present: 2121   in FES: 418
** Event #352947200   t=1655.457   Elapsed: 252.141s (4m 12s)  45% completed  (45% total)
     Speed:     ev/sec=1.41754e+06   simsec/sec=6.64824   ev/simsec=213221
     Messages:  created: 22684125   present: 2107   in FES: 404
** Event #355783936   t=1668.762   Elapsed: 254.142s (4m 14s)  46% completed  (46% total)
     Speed:     ev/sec=1.41756e+06   simsec/sec=6.64873   ev/simsec=213208
     Messages:  created: 22866543   present: 2214   in FES: 457
** Event #358619136   t=1682.06   Elapsed: 256.142s (4m 16s)  46% completed  (46% total)
     Speed:     ev/sec=1.41757e+06   simsec/sec=6.64885   ev/simsec=213205
     Messages:  created: 23048655   present: 2107   in FES: 404
** Event #361357312   t=1694.904   Elapsed: 258.142s (4m 18s)  47% completed  (47% total)
     Speed:     ev/sec=1.36908e+06   simsec/sec=6.42197   ev/simsec=213187
     Messages:  created: 23224411   present: 2107   in FES: 404
** Event #364192768   t=1708.202   Elapsed: 260.143s (4m 20s)  47% completed  (47% total)
     Speed:     ev/sec=1.41711e+06   simsec/sec=6.64608   ev/simsec=213224
     Messages:  created: 23407023   present: 2198   in FES: 449
** Event #367015680   t=1721.443   Elapsed: 262.145s (4m 22s)  47% completed  (47% total)
     Speed:     ev/sec=1.41019e+06   simsec/sec=6.61457   ev/simsec=213195
     Messages:  created: 23588377   present: 2107   in FES: 404
** Event #369837312   t=1734.679   Elapsed: 264.145s (4m 24s)  48% completed  (48% total)
     Speed:     ev/sec=1.4108e+06   simsec/sec=6.61795   ev/simsec=213179
     Messages:  created: 23769226   present: 2107   in FES: 404
** Event #372631808   t=1747.786   Elapsed: 266.145s (4m 26s)  48% completed  (48% total)
     Speed:     ev/sec=1.39724e+06   simsec/sec=6.55347   ev/simsec=213206
     Messages:  created: 23948946   present: 2107   in FES: 404
** Event #374975744   t=1758.78   Elapsed: 268.145s (4m 28s)  48% completed  (48% total)
     Speed:     ev/sec=1.17194e+06   simsec/sec=5.49686   ev/simsec=213201
     Messages:  created: 24099651   present: 2107   in FES: 404
** Event #377806080   t=1772.054   Elapsed: 270.145s (4m 30s)  49% completed  (49% total)
     Speed:     ev/sec=1.41516e+06   simsec/sec=6.63696   ev/simsec=213224
     Messages:  created: 24281739   present: 2107   in FES: 404
** Event #380643328   t=1785.362   Elapsed: 272.145s (4m 32s)  49% completed  (49% total)
     Speed:     ev/sec=1.41852e+06   simsec/sec=6.65351   ev/simsec=213199
     Messages:  created: 24464160   present: 2274   in FES: 487
** Event #383449344   t=1798.523   Elapsed: 274.145s (4m 34s)  49% completed  (49% total)
     Speed:     ev/sec=1.40281e+06   simsec/sec=6.57958   ev/simsec=213207
     Messages:  created: 24644434   present: 2107   in FES: 404
** Event #386281984   t=1811.81   Elapsed: 276.145s (4m 36s)  50% completed  (50% total)
     Speed:     ev/sec=1.41629e+06   simsec/sec=6.64336   ev/simsec=213189
     Messages:  created: 24826334   present: 2107   in FES: 404
** Event #389118976   t=1825.117   Elapsed: 278.145s (4m 38s)  50% completed  (50% total)
     Speed:     ev/sec=1.41849e+06   simsec/sec=6.65348   ev/simsec=213195
     Messages:  created: 25008455   present: 2107   in FES: 404
** Event #391934720   t=1838.323   Elapsed: 280.147s (4m 40s)  51% completed  (51% total)
     Speed:     ev/sec=1.40698e+06   simsec/sec=6.5988   ev/simsec=213217
     Messages:  created: 25189774   present: 2107   in FES: 404
** Event #394743552   t=1851.498   Elapsed: 282.147s (4m 42s)  51% completed  (51% total)
     Speed:     ev/sec=1.40434e+06   simsec/sec=6.58716   ev/simsec=213194
     Messages:  created: 25370062   present: 2107   in FES: 404
** Event #397563648   t=1864.725   Elapsed: 284.147s (4m 44s)  51% completed  (51% total)
     Speed:     ev/sec=1.41005e+06   simsec/sec=6.61349   ev/simsec=213208
     Messages:  created: 25551402   present: 2107   in FES: 404
** Event #400420096   t=1878.122   Elapsed: 286.147s (4m 46s)  52% completed  (52% total)
     Speed:     ev/sec=1.42804e+06   simsec/sec=6.69763   ev/simsec=213215
     Messages:  created: 25735113   present: 2185   in FES: 443
** Event #403255296   t=1891.421   Elapsed: 288.147s (4m 48s)  52% completed  (52% total)
     Speed:     ev/sec=1.41759e+06   simsec/sec=6.64946   ev/simsec=213189
     Messages:  created: 25917025   present: 2107   in FES: 404
** Event #406082560   t=1904.682   Elapsed: 290.147s (4m 50s)  52% completed  (52% total)
     Speed:     ev/sec=1.41351e+06   simsec/sec=6.62995   ev/simsec=213201
     Messages:  created: 26098899   present: 2261   in FES: 481
** Event #408865792   t=1917.737   Elapsed: 292.147s (4m 52s)  53% completed  (53% total)
     Speed:     ev/sec=1.39157e+06   simsec/sec=6.52727   ev/simsec=213193
     Messages:  created: 26277567   present: 2107   in FES: 404
** Event #411250688   t=1928.923   Elapsed: 294.149s (4m 54s)  53% completed  (53% total)
     Speed:     ev/sec=1.19148e+06   simsec/sec=5.58846   ev/simsec=213204
     Messages:  created: 26430964   present: 2107   in FES: 404
** Event #414087936   t=1942.231   Elapsed: 296.149s (4m 56s)  53% completed  (53% total)
     Speed:     ev/sec=1.41858e+06   simsec/sec=6.6538   ev/simsec=213199
     Messages:  created: 26613086   present: 2107   in FES: 404
** Event #416845312   t=1955.163   Elapsed: 298.151s (4m 58s)  54% completed  (54% total)
     Speed:     ev/sec=1.37712e+06   simsec/sec=6.45865   ev/simsec=213221
     Messages:  created: 26790631   present: 2107   in FES: 404
** Event #419694336   t=1968.526   Elapsed: 300.151s (5m 00s)  54% completed  (54% total)
     Speed:     ev/sec=1.42448e+06   simsec/sec=6.68137   ev/simsec=213202
     Messages:  created: 26973607   present: 2107   in FES: 404
** Event #422557952   t=1981.96   Elapsed: 302.151s (5m 02s)  55% completed  (55% total)
     Speed:     ev/sec=1.4317e+06   simsec/sec=6.7165   ev/simsec=213162
     Messages:  created: 27157235   present: 2147   in FES: 444
** Event #425406976   t=1995.321   Elapsed: 304.152s (5m 04s)  55% completed  (55% total)
     Speed:     ev/sec=1.42439e+06   simsec/sec=6.67993   ev/simsec=213234
     Messages:  created: 27340829   present: 2307   in FES: 504
** Event #428213504   t=2008.484   Elapsed: 306.152s (5m 06s)  55% completed  (55% total)
     Speed:     ev/sec=1.4032e+06   simsec/sec=6.58121   ev/simsec=213213
     Messages:  created: 27521105   present: 2107   in FES: 404
** Event #431053056   t=2021.803   Elapsed: 308.153s (5m 08s)  56% completed  (56% total)
     Speed:     ev/sec=1.41873e+06   simsec/sec=6.65457   ev/simsec=213196
     Messages:  created: 27703537   present: 2107   in FES: 404
** Event #433890816   t=2035.114   Elapsed: 310.153s (5m 10s)  56% completed  (56% total)
     Speed:     ev/sec=1.41883e+06   simsec/sec=6.65527   ev/simsec=213189
     Messages:  created: 27885662   present: 2107   in FES: 404
** Event #436741376   t=2048.483   Elapsed: 312.154s (5m 12s)  56% completed  (56% total)
     Speed:     ev/sec=1.42442e+06   simsec/sec=6.68047   ev/simsec=213222
     Messages:  created: 28069144   present: 2107   in FES: 404
** Event #439606528   t=2061.922   Elapsed: 314.156s (5m 14s)  57% completed  (57% total)
     Speed:     ev/sec=1.43155e+06   simsec/sec=6.71469   ev/simsec=213197
     Messages:  created: 28253196   present: 2158   in FES: 429
** Event #442446592   t=2075.243   Elapsed: 316.157s (5m 16s)  57% completed  (57% total)
     Speed:     ev/sec=1.41942e+06   simsec/sec=6.65761   ev/simsec=213202
     Messages:  created: 28435831   present: 2107   in FES: 404
** Event #445277696   t=2088.522   Elapsed: 318.157s (5m 18s)  58% completed  (58% total)
     Speed:     ev/sec=1.41554e+06   simsec/sec=6.63942   ev/simsec=213202
     Messages:  created: 28617723   present: 2245   in FES: 473
** Event #447640064   t=2099.602   Elapsed: 320.158s (5m 20s)  58% completed  (58% total)
     Speed:     ev/sec=1.18077e+06   simsec/sec=5.53804   ev/simsec=213210
     Messages:  created: 28769514   present: 2135   in FES: 418
** Event #450465024   t=2112.853   Elapsed: 322.158s (5m 22s)  58% completed  (58% total)
     Speed:     ev/sec=1.41241e+06   simsec/sec=6.62519   ev/simsec=213188
     Messages:  created: 28950878   present: 2107   in FES: 404
** Event #453304064   t=2126.169   Elapsed: 324.158s (5m 24s)  59% completed  (59% total)
     Speed:     ev/sec=1.41942e+06   simsec/sec=6.65752   ev/simsec=213205
     Messages:  created: 29133508   present: 2107   in FES: 404
** Event #456150528   t=2139.521   Elapsed: 326.158s (5m 26s)  59% completed  (59% total)
     Speed:     ev/sec=1.42311e+06   simsec/sec=6.67543   ev/simsec=213186
     Messages:  created: 29316427   present: 2291   in FES: 503
** Event #458973952   t=2152.763   Elapsed: 328.159s (5m 28s)  59% completed  (59% total)
     Speed:     ev/sec=1.41076e+06   simsec/sec=6.61654   ev/simsec=213217
     Messages:  created: 29497828   present: 2107   in FES: 404
** Event #461805312   t=2166.042   Elapsed: 330.16s (5m 30s)  60% completed  (60% total)
     Speed:     ev/sec=1.41526e+06   simsec/sec=6.63755   ev/simsec=213221
     Messages:  created: 29679921   present: 2152   in FES: 426
** Event #464636672   t=2179.323   Elapsed: 332.161s (5m 32s)  60% completed  (60% total)
     Speed:     ev/sec=1.41459e+06   simsec/sec=6.63538   ev/simsec=213189
     Messages:  created: 29861815   present: 2107   in FES: 404
** Event #467471616   t=2192.621   Elapsed: 334.161s (5m 34s)  60% completed  (60% total)
     Speed:     ev/sec=1.41741e+06   simsec/sec=6.64872   ev/simsec=213186
     Messages:  created: 30043726   present: 2107   in FES: 404
** Event #470307584   t=2205.922   Elapsed: 336.162s (5m 36s)  61% completed  (61% total)
     Speed:     ev/sec=1.4176e+06   simsec/sec=6.64871   ev/simsec=213215
     Messages:  created: 30226140   present: 2206   in FES: 453
** Event #473140224   t=2219.208   Elapsed: 338.162s (5m 38s)  61% completed  (61% total)
     Speed:     ev/sec=1.41626e+06   simsec/sec=6.64273   ev/simsec=213205
     Messages:  created: 30408240   present: 2107   in FES: 404
** Event #475993344   t=2232.591   Elapsed: 340.162s (5m 40s)  62% completed  (62% total)
     Speed:     ev/sec=1.4265e+06   simsec/sec=6.69124   ev/simsec=213190
     Messages:  created: 30591236   present: 2107   in FES: 404
** Event #478862848   t=2246.049   Elapsed: 342.162s (5m 42s)  62% completed  (62% total)
     Speed:     ev/sec=1.43475e+06   simsec/sec=6.72899   ev/simsec=213219
     Messages:  created: 30776008   present: 2107   in FES: 404
** Event #481709824   t=2259.402   Elapsed: 344.163s (5m 44s)  62% completed  (62% total)
     Speed:     ev/sec=1.42288e+06   simsec/sec=6.67366   ev/simsec=213209
     Messages:  created: 30958974   present: 2120   in FES: 410
** Event #484489472   t=2272.441   Elapsed: 346.459s (5m 46s)  63% completed  (63% total)
     Speed:     ev/sec=1.21064e+06   simsec/sec=5.67898   ev/simsec=213180
     Messages:  created: 31137626   present: 2307   in FES: 504
** Event #487325184   t=2285.742   Elapsed: 348.459s (5m 48s)  63% completed  (63% total)
     Speed:     ev/sec=1.41783e+06   simsec/sec=6.65037   ev/simsec=213195
     Messages:  created: 31319540   present: 2107   in FES: 404
** Event #490161152   t=2299.042   Elapsed: 350.46s (5m 50s)  63% completed  (63% total)
     Speed:     ev/sec=1.41738e+06   simsec/sec=6.64718   ev/simsec=213231
     Messages:  created: 31502154   present: 2196   in FES: 448
** Event #492965632   t=2312.198   Elapsed: 352.46s (5m 52s)  64% completed  (64% total)
     Speed:     ev/sec=1.40218e+06   simsec/sec=6.57772   ev/simsec=213171
     Messages:  created: 31681923   present: 2107   in FES: 404
** Event #495798272   t=2325.483   Elapsed: 354.462s (5m 54s)  64% completed  (64% total)
     Speed:     ev/sec=1.41518e+06   simsec/sec=6.63714   ev/simsec=213221
     Messages:  created: 31864321   present: 2107   in FES: 404
** Event #498637824   t=2338.802   Elapsed: 356.462s (5m 56s)  64% completed  (64% total)
     Speed:     ev/sec=1.41972e+06   simsec/sec=6.65924   ev/simsec=213196
     Messages:  created: 32046753   present: 2288   in FES: 494
** Event #501443840   t=2351.963   Elapsed: 358.462s (5m 58s)  65% completed  (65% total)
     Speed:     ev/sec=1.4027e+06   simsec/sec=6.57905   ev/simsec=213207
     Messages:  created: 32227027   present: 2107   in FES: 404
** Event #504243712   t=2365.095   Elapsed: 360.462s (6m 00s)  65% completed  (65% total)
     Speed:     ev/sec=1.39987e+06   simsec/sec=6.56569   ev/simsec=213210
     Messages:  created: 32406973   present: 2107   in FES: 404
** Event #507030272   t=2378.165   Elapsed: 362.462s (6m 02s)  66% completed  (66% total)
     Speed:     ev/sec=1.39327e+06   simsec/sec=6.53494   ev/simsec=213203
     Messages:  created: 32586156   present: 2107   in FES: 404
** Event #509809920   t=2391.203   Elapsed: 364.464s (6m 04s)  66% completed  (66% total)
     Speed:     ev/sec=1.38866e+06   simsec/sec=6.51356   ev/simsec=213196
     Messages:  created: 32764807   present: 2107   in FES: 404
** Event #512590080   t=2404.243   Elapsed: 366.464s (6m 06s)  66% completed  (66% total)
     Speed:     ev/sec=1.38971e+06   simsec/sec=6.51826   ev/simsec=213202
     Messages:  created: 32943460   present: 2107   in FES: 404
** Event #515391488   t=2417.383   Elapsed: 368.465s (6m 08s)  67% completed  (67% total)
     Speed:     ev/sec=1.40067e+06   simsec/sec=6.56984   ev/simsec=213197
     Messages:  created: 33123213   present: 2107   in FES: 404
** Event #518167552   t=2430.403   Elapsed: 370.466s (6m 10s)  67% completed  (67% total)
     Speed:     ev/sec=1.38716e+06   simsec/sec=6.50591   ev/simsec=213215
     Messages:  created: 33301846   present: 2107   in FES: 404
** Event #520939008   t=2443.402   Elapsed: 372.466s (6m 12s)  67% completed  (67% total)
     Speed:     ev/sec=1.3854e+06   simsec/sec=6.49795   ev/simsec=213205
     Messages:  created: 33479958   present: 2127   in FES: 414
** Event #523302656   t=2454.489   Elapsed: 374.466s (6m 14s)  68% completed  (68% total)
     Speed:     ev/sec=1.18178e+06   simsec/sec=5.5433   ev/simsec=213191
     Messages:  created: 33631756   present: 2107   in FES: 404
** Event #526098432   t=2467.602   Elapsed: 376.467s (6m 16s)  68% completed  (68% total)
     Speed:     ev/sec=1.39711e+06   simsec/sec=6.55284   ev/simsec=213206
     Messages:  created: 33811482   present: 2157   in FES: 429
** Event #528910080   t=2480.791   Elapsed: 378.467s (6m 18s)  68% completed  (68% total)
     Speed:     ev/sec=1.40582e+06   simsec/sec=6.59449   ev/simsec=213181
     Messages:  created: 33991784   present: 2107   in FES: 404
** Event #531633408   t=2493.563   Elapsed: 380.468s (6m 20s)  69% completed  (69% total)
     Speed:     ev/sec=1.36149e+06   simsec/sec=6.38517   ev/simsec=213226
     Messages:  created: 34167169   present: 2107   in FES: 404
** Event #534444800   t=2506.751   Elapsed: 382.468s (6m 22s)  69% completed  (69% total)
     Speed:     ev/sec=1.40567e+06   simsec/sec=6.59389   ev/simsec=213178
     Messages:  created: 34347470   present: 2107   in FES: 404
** Event #537230848   t=2519.819   Elapsed: 384.468s (6m 24s)  69% completed  (69% total)
     Speed:     ev/sec=1.39296e+06   simsec/sec=6.53372   ev/simsec=213196
     Messages:  created: 34526651   present: 2107   in FES: 404
** Event #540024832   t=2532.923   Elapsed: 386.468s (6m 26s)  70% completed  (70% total)
     Speed:     ev/sec=1.39696e+06   simsec/sec=6.55183   ev/simsec=213216
     Messages:  created: 34706368   present: 2107   in FES: 404
** Event #542796544   t=2545.923   Elapsed: 388.468s (6m 28s)  70% completed  (70% total)
     Speed:     ev/sec=1.38578e+06   simsec/sec=6.49964   ev/simsec=213209
     Messages:  created: 34884481   present: 2107   in FES: 404
** Event #545578496   t=2558.972   Elapsed: 390.468s (6m 30s)  71% completed  (71% total)
     Speed:     ev/sec=1.39094e+06   simsec/sec=6.52435   ev/simsec=213193
     Messages:  created: 35063143   present: 2107   in FES: 404
** Event #548363008   t=2572.033   Elapsed: 392.468s (6m 32s)  71% completed  (71% total)
     Speed:     ev/sec=1.39225e+06   simsec/sec=6.53047   ev/simsec=213193
     Messages:  created: 35242018   present: 2107   in FES: 404
** Event #551145984   t=2585.084   Elapsed: 394.468s (6m 34s)  71% completed  (71% total)
     Speed:     ev/sec=1.39147e+06   simsec/sec=6.52542   ev/simsec=213239
     Messages:  created: 35421182   present: 2107   in FES: 404
** Event #553938176   t=2598.182   Elapsed: 396.468s (6m 36s)  72% completed  (72% total)
     Speed:     ev/sec=1.39608e+06   simsec/sec=6.5489   ev/simsec=213177
     Messages:  created: 35600393   present: 2107   in FES: 404
** Event #556739840   t=2611.322   Elapsed: 398.469s (6m 38s)  72% completed  (72% total)
     Speed:     ev/sec=1.40033e+06   simsec/sec=6.56766   ev/simsec=213216
     Messages:  created: 35780646   present: 2224   in FES: 462
** Event #559056384   t=2622.189   Elapsed: 400.469s (6m 40s)  72% completed  (72% total)
     Speed:     ev/sec=1.15822e+06   simsec/sec=5.43327   ev/simsec=213172
     Messages:  created: 35929224   present: 2107   in FES: 404
** Event #561836544   t=2635.229   Elapsed: 402.469s (6m 42s)  73% completed  (73% total)
     Speed:     ev/sec=1.39003e+06   simsec/sec=6.51977   ev/simsec=213202
     Messages:  created: 36107877   present: 2107   in FES: 404
** Event #564602880   t=2648.203   Elapsed: 404.469s (6m 44s)  73% completed  (73% total)
     Speed:     ev/sec=1.3828e+06   simsec/sec=6.48528   ev/simsec=213222
     Messages:  created: 36285964   present: 2107   in FES: 404
** Event #567391744   t=2661.283   Elapsed: 406.47s (6m 46s)  73% completed  (73% total)
     Speed:     ev/sec=1.39442e+06   simsec/sec=6.53994   ev/simsec=213216
     Messages:  created: 36465157   present: 2107   in FES: 404
** Event #570182912   t=2674.376   Elapsed: 408.47s (6m 48s)  74% completed  (74% total)
     Speed:     ev/sec=1.39555e+06   simsec/sec=6.54636   ev/simsec=213180
     Messages:  created: 36644363   present: 2107   in FES: 404
** Event #572968960   t=2687.443   Elapsed: 410.47s (6m 50s)  74% completed  (74% total)
     Speed:     ev/sec=1.3927e+06   simsec/sec=6.53196   ev/simsec=213213
     Messages:  created: 36823543   present: 2107   in FES: 404
** Event #575757568   t=2700.523   Elapsed: 412.472s (6m 52s)  75% completed  (75% total)
     Speed:     ev/sec=1.39281e+06   simsec/sec=6.533   ev/simsec=213196
     Messages:  created: 37002736   present: 2107   in FES: 404
** Event #578546176   t=2713.602   Elapsed: 414.473s (6m 54s)  75% completed  (75% total)
     Speed:     ev/sec=1.39405e+06   simsec/sec=6.53831   ev/simsec=213213
     Messages:  created: 37181928   present: 2144   in FES: 422
** Event #581327616   t=2726.649   Elapsed: 416.473s (6m 56s)  75% completed  (75% total)
     Speed:     ev/sec=1.39069e+06   simsec/sec=6.52334   ev/simsec=213186
     Messages:  created: 37360588   present: 2107   in FES: 404
** Event #584114944   t=2739.722   Elapsed: 418.473s (6m 58s)  76% completed  (76% total)
     Speed:     ev/sec=1.39303e+06   simsec/sec=6.53351   ev/simsec=213213
     Messages:  created: 37539774   present: 2196   in FES: 448
** Event #586903552   t=2752.802   Elapsed: 420.474s (7m 00s)  76% completed  (76% total)
     Speed:     ev/sec=1.39388e+06   simsec/sec=6.53802   ev/simsec=213196
     Messages:  created: 37718967   present: 2253   in FES: 477
** Event #589716992   t=2766   Elapsed: 422.474s (7m 02s)  76% completed  (76% total)
     Speed:     ev/sec=1.40665e+06   simsec/sec=6.59869   ev/simsec=213172
     Messages:  created: 37899618   present: 2376   in FES: 673
** Event #592472576   t=2778.923   Elapsed: 424.475s (7m 04s)  77% completed  (77% total)
     Speed:     ev/sec=1.37735e+06   simsec/sec=6.45945   ev/simsec=213231
     Messages:  created: 38076814   present: 2107   in FES: 404
** Event #595264768   t=2792.019   Elapsed: 426.475s (7m 06s)  77% completed  (77% total)
     Speed:     ev/sec=1.39604e+06   simsec/sec=6.54774   ev/simsec=213210
     Messages:  created: 38256224   present: 2107   in FES: 404
** Event #597590016   t=2802.926   Elapsed: 428.475s (7m 08s)  77% completed  (77% total)
     Speed:     ev/sec=1.16255e+06   simsec/sec=5.45315   ev/simsec=213189
     Messages:  created: 38405641   present: 2107   in FES: 404
** Event #600382976   t=2816.026   Elapsed: 430.475s (7m 10s)  78% completed  (78% total)
     Speed:     ev/sec=1.39639e+06   simsec/sec=6.54957   ev/simsec=213203
     Messages:  created: 38585055   present: 2107   in FES: 404
** Event #603175424   t=2829.122   Elapsed: 432.476s (7m 12s)  78% completed  (78% total)
     Speed:     ev/sec=1.39562e+06   simsec/sec=6.54518   ev/simsec=213229
     Messages:  created: 38764764   present: 2110   in FES: 405
** Event #605968384   t=2842.224   Elapsed: 434.476s (7m 14s)  78% completed  (78% total)
     Speed:     ev/sec=1.39648e+06   simsec/sec=6.55099   ev/simsec=213171
     Messages:  created: 38943979   present: 2107   in FES: 404
** Event #608752896   t=2855.283   Elapsed: 436.477s (7m 16s)  79% completed  (79% total)
     Speed:     ev/sec=1.39139e+06   simsec/sec=6.52542   ev/simsec=213226
     Messages:  created: 39123151   present: 2107   in FES: 404
** Event #611541504   t=2868.363   Elapsed: 438.479s (7m 18s)  79% completed  (79% total)
     Speed:     ev/sec=1.39318e+06   simsec/sec=6.53475   ev/simsec=213196
     Messages:  created: 39302344   present: 2107   in FES: 404
** Event #614337280   t=2881.478   Elapsed: 440.479s (7m 20s)  80% completed  (80% total)
     Speed:     ev/sec=1.39782e+06   simsec/sec=6.5572   ev/simsec=213174
     Messages:  created: 39481572   present: 2107   in FES: 404
** Event #617127424   t=2894.563   Elapsed: 442.479s (7m 22s)  80% completed  (80% total)
     Speed:     ev/sec=1.39473e+06   simsec/sec=6.5409   ev/simsec=213232
     Messages:  created: 39661270   present: 2107   in FES: 404
** Event #619916032   t=2907.643   Elapsed: 444.481s (7m 24s)  80% completed  (80% total)
     Speed:     ev/sec=1.39348e+06   simsec/sec=6.53616   ev/simsec=213196
     Messages:  created: 39840463   present: 2107   in FES: 404
** Event #622708480   t=2920.741   Elapsed: 446.481s (7m 26s)  81% completed  (81% total)
     Speed:     ev/sec=1.39621e+06   simsec/sec=6.54891   ev/simsec=213197
     Messages:  created: 40019674   present: 2107   in FES: 404
** Event #625485568   t=2933.766   Elapsed: 448.481s (7m 28s)  81% completed  (81% total)
     Speed:     ev/sec=1.38854e+06   simsec/sec=6.5125   ev/simsec=213212
     Messages:  created: 40198312   present: 2107   in FES: 404
** Event #628289536   t=2946.92   Elapsed: 450.481s (7m 30s)  81% completed  (81% total)
     Speed:     ev/sec=1.40195e+06   simsec/sec=6.57683   ev/simsec=213165
     Messages:  created: 40378200   present: 2167   in FES: 464
** Event #631078400   t=2960   Elapsed: 452.481s (7m 32s)  82% completed  (82% total)
     Speed:     ev/sec=1.39441e+06   simsec/sec=6.5399   ev/simsec=213216
     Messages:  created: 40557673   present: 2407   in FES: 704
** Event #633504512   t=2971.379   Elapsed: 454.608s (7m 34s)  82% completed  (82% total)
     Speed:     ev/sec=1.14056e+06   simsec/sec=5.34948   ev/simsec=213210
     Messages:  created: 40713563   present: 2107   in FES: 404
** Event #636303104   t=2984.505   Elapsed: 456.608s (7m 36s)  82% completed  (82% total)
     Speed:     ev/sec=1.39928e+06   simsec/sec=6.56294   ev/simsec=213210
     Messages:  created: 40893302   present: 2107   in FES: 404
** Event #639095552   t=2997.602   Elapsed: 458.608s (7m 38s)  83% completed  (83% total)
     Speed:     ev/sec=1.39605e+06   simsec/sec=6.5477   ev/simsec=213213
     Messages:  created: 41073012   present: 2178   in FES: 439
** Event #641877248   t=3010.65   Elapsed: 460.608s (7m 40s)  83% completed  (83% total)
     Speed:     ev/sec=1.39083e+06   simsec/sec=6.5239   ev/simsec=213189
     Messages:  created: 41251673   present: 2107   in FES: 404
** Event #644664320   t=3023.722   Elapsed: 462.609s (7m 42s)  83% completed  (83% total)
     Speed:     ev/sec=1.39305e+06   simsec/sec=6.53372   ev/simsec=213209
     Messages:  created: 41430858   present: 2230   in FES: 465
** Event #647461632   t=3036.843   Elapsed: 464.609s (7m 44s)  84% completed  (84% total)
     Speed:     ev/sec=1.39856e+06   simsec/sec=6.56004   ev/simsec=213194
     Messages:  created: 41610592   present: 2107   in FES: 404
** Event #650258944   t=3049.963   Elapsed: 466.61s (7m 46s)  84% completed  (84% total)
     Speed:     ev/sec=1.398e+06   simsec/sec=6.55692   ev/simsec=213210
     Messages:  created: 41790325   present: 2107   in FES: 404
** Event #653047808   t=3063.043   Elapsed: 468.612s (7m 48s)  85% completed  (85% total)
     Speed:     ev/sec=1.39327e+06   simsec/sec=6.53456   ev/simsec=213216
     Messages:  created: 41969719   present: 2107   in FES: 404
** Event #655807744   t=3075.99   Elapsed: 470.612s (7m 50s)  85% completed  (85% total)
     Speed:     ev/sec=1.3799e+06   simsec/sec=6.4732   ev/simsec=213172
     Messages:  created: 42146578   present: 2107   in FES: 404
** Event #658585088   t=3089.016   Elapsed: 472.612s (7m 52s)  85% completed  (85% total)
     Speed:     ev/sec=1.38867e+06   simsec/sec=6.513   ev/simsec=213215
     Messages:  created: 42325418   present: 2107   in FES: 404
** Event #661387520   t=3102.161   Elapsed: 474.612s (7m 54s)  86% completed  (86% total)
     Speed:     ev/sec=1.40115e+06   simsec/sec=6.57218   ev/simsec=213194
     Messages:  created: 42505645   present: 2296   in FES: 503
** Event #664193792   t=3115.322   Elapsed: 476.613s (7m 56s)  86% completed  (86% total)
     Speed:     ev/sec=1.40224e+06   simsec/sec=6.57631   ev/simsec=213226
     Messages:  created: 42685950   present: 2153   in FES: 427
** Event #666982400   t=3128.402   Elapsed: 478.614s (7m 58s)  86% completed  (86% total)
     Speed:     ev/sec=1.39389e+06   simsec/sec=6.53805   ev/simsec=213196
     Messages:  created: 42865143   present: 2210   in FES: 455
** Event #669771264   t=3141.483   Elapsed: 480.614s (8m 00s)  87% completed  (87% total)
     Speed:     ev/sec=1.39394e+06   simsec/sec=6.53821   ev/simsec=213200
     Messages:  created: 43044337   present: 2107   in FES: 404
** Event #672107264   t=3152.441   Elapsed: 482.614s (8m 02s)  87% completed  (87% total)
     Speed:     ev/sec=1.16798e+06   simsec/sec=5.47889   ev/simsec=213178
     Messages:  created: 43194475   present: 2296   in FES: 503
** Event #674888192   t=3165.483   Elapsed: 484.615s (8m 04s)  87% completed  (87% total)
     Speed:     ev/sec=1.39018e+06   simsec/sec=6.51968   ev/simsec=213229
     Messages:  created: 43373161   present: 2107   in FES: 404
** Event #677676800   t=3178.563   Elapsed: 486.616s (8m 06s)  88% completed  (88% total)
     Speed:     ev/sec=1.39331e+06   simsec/sec=6.53535   ev/simsec=213196
     Messages:  created: 43552354   present: 2107   in FES: 404
** Event #680471040   t=3191.67   Elapsed: 488.616s (8m 08s)  88% completed  (88% total)
     Speed:     ev/sec=1.39707e+06   simsec/sec=6.55327   ev/simsec=213187
     Messages:  created: 43731574   present: 2107   in FES: 404
** Event #683262464   t=3204.762   Elapsed: 490.617s (8m 10s)  89% completed  (89% total)
     Speed:     ev/sec=1.39494e+06   simsec/sec=6.54239   ev/simsec=213216
     Messages:  created: 43911279   present: 2198   in FES: 449
** Event #686051328   t=3217.843   Elapsed: 492.618s (8m 12s)  89% completed  (89% total)
     Speed:     ev/sec=1.39415e+06   simsec/sec=6.53919   ev/simsec=213200
     Messages:  created: 44090473   present: 2107   in FES: 404
** Event #688814336   t=3230.803   Elapsed: 494.619s (8m 14s)  89% completed  (89% total)
     Speed:     ev/sec=1.38099e+06   simsec/sec=6.47758   ev/simsec=213195
     Messages:  created: 44268046   present: 2107   in FES: 404
** Event #691593216   t=3243.838   Elapsed: 496.619s (8m 16s)  90% completed  (90% total)
     Speed:     ev/sec=1.38943e+06   simsec/sec=6.51745   ev/simsec=213186
     Messages:  created: 44446194   present: 2107   in FES: 404
** Event #694366720   t=3256.846   Elapsed: 498.619s (8m 18s)  90% completed  (90% total)
     Speed:     ev/sec=1.3867e+06   simsec/sec=6.50378   ev/simsec=213215
     Messages:  created: 44624815   present: 2107   in FES: 404
** Event #697150720   t=3269.905   Elapsed: 500.619s (8m 20s)  90% completed  (90% total)
     Speed:     ev/sec=1.39198e+06   simsec/sec=6.5294   ev/simsec=213186
     Messages:  created: 44803487   present: 2107   in FES: 404
** Event #699917824   t=3282.882   Elapsed: 502.62s (8m 22s)  91% completed  (91% total)
     Speed:     ev/sec=1.38295e+06   simsec/sec=6.48569   ev/simsec=213231
     Messages:  created: 44981577   present: 2161   in FES: 431
** Event #702715904   t=3296.006   Elapsed: 504.62s (8m 24s)  91% completed  (91% total)
     Speed:     ev/sec=1.39901e+06   simsec/sec=6.56184   ev/simsec=213203
     Messages:  created: 45161515   present: 2107   in FES: 404
** Event #705495552   t=3309.043   Elapsed: 506.62s (8m 26s)  91% completed  (91% total)
     Speed:     ev/sec=1.38947e+06   simsec/sec=6.51686   ev/simsec=213212
     Messages:  created: 45340165   present: 2107   in FES: 404
** Event #708013056   t=3320.852   Elapsed: 508.752s (8m 28s)  92% completed  (92% total)
     Speed:     ev/sec=1.18084e+06   simsec/sec=5.53904   ev/simsec=213185
     Messages:  created: 45501685   present: 2107   in FES: 404
** Event #710802432   t=3333.936   Elapsed: 510.752s (8m 30s)  92% completed  (92% total)
     Speed:     ev/sec=1.39465e+06   simsec/sec=6.54181   ev/simsec=213190
     Messages:  created: 45680882   present: 2107   in FES: 404
** Event #713592576   t=3347.022   Elapsed: 512.752s (8m 32s)  92% completed  (92% total)
     Speed:     ev/sec=1.39503e+06   simsec/sec=6.54282   ev/simsec=213216
     Messages:  created: 45860282   present: 2107   in FES: 404
** Event #716389632   t=3360.142   Elapsed: 514.752s (8m 34s)  93% completed  (93% total)
     Speed:     ev/sec=1.39847e+06   simsec/sec=6.55971   ev/simsec=213190
     Messages:  created: 46040015   present: 2107   in FES: 404
** Event #719191552   t=3373.283   Elapsed: 516.753s (8m 36s)  93% completed  (93% total)
     Speed:     ev/sec=1.40061e+06   simsec/sec=6.56886   ev/simsec=213220
     Messages:  created: 46220269   present: 2107   in FES: 404
** Event #721954560   t=3386.242   Elapsed: 518.753s (8m 38s)  94% completed  (94% total)
     Speed:     ev/sec=1.38113e+06   simsec/sec=6.47773   ev/simsec=213212
     Messages:  created: 46397841   present: 2132   in FES: 416
** Event #724752640   t=3399.367   Elapsed: 520.753s (8m 40s)  94% completed  (94% total)
     Speed:     ev/sec=1.39899e+06   simsec/sec=6.56229   ev/simsec=213187
     Messages:  created: 46577579   present: 2107   in FES: 404
** Event #727547904   t=3412.479   Elapsed: 522.753s (8m 42s)  94% completed  (94% total)
     Speed:     ev/sec=1.39758e+06   simsec/sec=6.55575   ev/simsec=213184
     Messages:  created: 46756804   present: 2107   in FES: 404
** Event #730346496   t=3425.604   Elapsed: 524.754s (8m 44s)  95% completed  (95% total)
     Speed:     ev/sec=1.39925e+06   simsec/sec=6.56227   ev/simsec=213226
     Messages:  created: 46937042   present: 2107   in FES: 404
** Event #733137664   t=3438.697   Elapsed: 526.754s (8m 46s)  95% completed  (95% total)
     Speed:     ev/sec=1.39551e+06   simsec/sec=6.54614   ev/simsec=213180
     Messages:  created: 47116248   present: 2107   in FES: 404
** Event #735941376   t=3451.847   Elapsed: 528.754s (8m 48s)  95% completed  (95% total)
     Speed:     ev/sec=1.40173e+06   simsec/sec=6.57441   ev/simsec=213210
     Messages:  created: 47296511   present: 2107   in FES: 404
** Event #738763264   t=3465.082   Elapsed: 530.754s (8m 50s)  96% completed  (96% total)
     Speed:     ev/sec=1.41094e+06   simsec/sec=6.61747   ev/simsec=213214
     Messages:  created: 47478060   present: 2307   in FES: 504
** Event #741560576   t=3478.202   Elapsed: 532.755s (8m 52s)  96% completed  (96% total)
     Speed:     ev/sec=1.39799e+06   simsec/sec=6.55687   ev/simsec=213210
     Messages:  created: 47657793   present: 2191   in FES: 446
** Event #744335360   t=3491.218   Elapsed: 534.755s (8m 54s)  96% completed  (96% total)
     Speed:     ev/sec=1.38732e+06   simsec/sec=6.50768   ev/simsec=213183
     Messages:  created: 47835922   present: 2107   in FES: 404
** Event #746685440   t=3502.241   Elapsed: 536.755s (8m 56s)  97% completed  (97% total)
     Speed:     ev/sec=1.17496e+06   simsec/sec=5.51111   ev/simsec=213198
     Messages:  created: 47987156   present: 2307   in FES: 504
** Event #749476864   t=3515.333   Elapsed: 538.755s (8m 58s)  97% completed  (97% total)
     Speed:     ev/sec=1.39568e+06   simsec/sec=6.54585   ev/simsec=213216
     Messages:  created: 48166361   present: 2107   in FES: 404
** Event #752277248   t=3528.469   Elapsed: 540.755s (9m 00s)  98% completed  (98% total)
     Speed:     ev/sec=1.40014e+06   simsec/sec=6.56777   ev/simsec=213184
     Messages:  created: 48346110   present: 2107   in FES: 404
** Event #755025664   t=3541.36   Elapsed: 542.755s (9m 02s)  98% completed  (98% total)
     Speed:     ev/sec=1.37411e+06   simsec/sec=6.44506   ev/simsec=213204
     Messages:  created: 48522814   present: 2207   in FES: 504
** Event #757814272   t=3554.44   Elapsed: 544.755s (9m 04s)  98% completed  (98% total)
     Speed:     ev/sec=1.39423e+06   simsec/sec=6.53964   ev/simsec=213196
     Messages:  created: 48702007   present: 2207   in FES: 504
** Event #760608512   t=3567.546   Elapsed: 546.755s (9m 06s)  99% completed  (99% total)
     Speed:     ev/sec=1.39707e+06   simsec/sec=6.55275   ev/simsec=213203
     Messages:  created: 48881526   present: 2107   in FES: 404
** Event #763404288   t=3580.659   Elapsed: 548.755s (9m 08s)  99% completed  (99% total)
     Speed:     ev/sec=1.39786e+06   simsec/sec=6.55639   ev/simsec=213206
     Messages:  created: 49061252   present: 2107   in FES: 404
** Event #766188288   t=3593.718   Elapsed: 550.756s (9m 10s)  99% completed  (99% total)
     Speed:     ev/sec=1.39195e+06   simsec/sec=6.52925   ev/simsec=213186
     Messages:  created: 49239924   present: 2107   in FES: 404
** Event #767528015   t=3600   Elapsed: 551.719s (9m 11s)  100% completed  (100% total)
     Speed:     ev/sec=1.3899e+06   simsec/sec=6.51725   ev/simsec=213264
     Messages:  created: 49326313   present: 2206   in FES: 503

<!> Simulation time limit reached -- at t=3600s, event #767528015

Calling finish() at end of Run #3...
[INFO]	Base_Config_1RAN.remoteServer.tcp: finishing with 0 connections open.
[INFO]	Base_Config_1RAN.gnb1.tcp: finishing with 0 connections open.
[INFO]	Base_Config_1RAN.gnb1.sctp: finishing SCTP with 0 connections open.
[INFO]	Base_Config_1RAN.ue[0].tcp: finishing with 0 connections open.
[INFO]	Base_Config_1RAN.ue[1].tcp: finishing with 0 connections open.
[INFO]	Base_Config_1RAN.ue[2].tcp: finishing with 0 connections open.
[INFO]	Base_Config_1RAN.ue[3].tcp: finishing with 0 connections open.
[INFO]	Base_Config_1RAN.ue[4].tcp: finishing with 0 connections open.
[INFO]	Base_Config_1RAN.ue[5].tcp: finishing with 0 connections open.
[INFO]	Base_Config_1RAN.ue[6].tcp: finishing with 0 connections open.
[INFO]	Base_Config_1RAN.ue[7].tcp: finishing with 0 connections open.
[INFO]	Base_Config_1RAN.ue[8].tcp: finishing with 0 connections open.
[INFO]	Base_Config_1RAN.ue[9].tcp: finishing with 0 connections open.
[INFO]	Base_Config_1RAN.ue[10].tcp: finishing with 0 connections open.
[INFO]	Base_Config_1RAN.ue[11].tcp: finishing with 0 connections open.
[INFO]	Base_Config_1RAN.ue[12].tcp: finishing with 0 connections open.
[INFO]	Base_Config_1RAN.ue[13].tcp: finishing with 0 connections open.
[INFO]	Base_Config_1RAN.ue[14].tcp: finishing with 0 connections open.
[INFO]	Base_Config_1RAN.ue[15].tcp: finishing with 0 connections open.
[INFO]	Base_Config_1RAN.ue[16].tcp: finishing with 0 connections open.
[INFO]	Base_Config_1RAN.ue[17].tcp: finishing with 0 connections open.
[INFO]	Base_Config_1RAN.ue[18].tcp: finishing with 0 connections open.
[INFO]	Base_Config_1RAN.ue[19].tcp: finishing with 0 connections open.
[INFO]	Base_Config_1RAN.ue[20].tcp: finishing with 0 connections open.
[INFO]	Base_Config_1RAN.ue[21].tcp: finishing with 0 connections open.
[INFO]	Base_Config_1RAN.ue[22].tcp: finishing with 0 connections open.
[INFO]	Base_Config_1RAN.ue[23].tcp: finishing with 0 connections open.
[INFO]	Base_Config_1RAN.ue[24].tcp: finishing with 0 connections open.
[INFO]	Base_Config_1RAN.ue[25].tcp: finishing with 0 connections open.
[INFO]	Base_Config_1RAN.ue[26].tcp: finishing with 0 connections open.
[INFO]	Base_Config_1RAN.ue[27].tcp: finishing with 0 connections open.
[INFO]	Base_Config_1RAN.ue[28].tcp: finishing with 0 connections open.
[INFO]	Base_Config_1RAN.ue[29].tcp: finishing with 0 connections open.
[INFO]	Base_Config_1RAN.ue[30].tcp: finishing with 0 connections open.
[INFO]	Base_Config_1RAN.ue[31].tcp: finishing with 0 connections open.
[INFO]	Base_Config_1RAN.ue[32].tcp: finishing with 0 connections open.
[INFO]	Base_Config_1RAN.ue[33].tcp: finishing with 0 connections open.
[INFO]	Base_Config_1RAN.ue[34].tcp: finishing with 0 connections open.
[INFO]	Base_Config_1RAN.ue[35].tcp: finishing with 0 connections open.
[INFO]	Base_Config_1RAN.ue[36].tcp: finishing with 0 connections open.
[INFO]	Base_Config_1RAN.ue[37].tcp: finishing with 0 connections open.
[INFO]	Base_Config_1RAN.ue[38].tcp: finishing with 0 connections open.
[INFO]	Base_Config_1RAN.ue[39].tcp: finishing with 0 connections open.
[INFO]	Base_Config_1RAN.ue[40].tcp: finishing with 0 connections open.
[INFO]	Base_Config_1RAN.ue[41].tcp: finishing with 0 connections open.
[INFO]	Base_Config_1RAN.ue[42].tcp: finishing with 0 connections open.
[INFO]	Base_Config_1RAN.ue[43].tcp: finishing with 0 connections open.
[INFO]	Base_Config_1RAN.ue[44].tcp: finishing with 0 connections open.
[INFO]	Base_Config_1RAN.ue[45].tcp: finishing with 0 connections open.
[INFO]	Base_Config_1RAN.ue[46].tcp: finishing with 0 connections open.
[INFO]	Base_Config_1RAN.ue[47].tcp: finishing with 0 connections open.
[INFO]	Base_Config_1RAN.ue[48].tcp: finishing with 0 connections open.
[INFO]	Base_Config_1RAN.ue[49].tcp: finishing with 0 connections open.
[INFO]	Base_Config_1RAN.ue[50].tcp: finishing with 0 connections open.
[INFO]	Base_Config_1RAN.ue[51].tcp: finishing with 0 connections open.
[INFO]	Base_Config_1RAN.ue[52].tcp: finishing with 0 connections open.
[INFO]	Base_Config_1RAN.ue[53].tcp: finishing with 0 connections open.
[INFO]	Base_Config_1RAN.ue[54].tcp: finishing with Exported 302 vectors
0 connections open.
[INFO]	Base_Config_1RAN.ue[55].tcp: finishing with 0 connections open.
[INFO]	Base_Config_1RAN.ue[56].tcp: finishing with 0 connections open.
[INFO]	Base_Config_1RAN.ue[57].tcp: finishing with 0 connections open.
[INFO]	Base_Config_1RAN.ue[58].tcp: finishing with 0 connections open.
[INFO]	Base_Config_1RAN.ue[59].tcp: finishing with 0 connections open.
[INFO]	Base_Config_1RAN.ue[60].tcp: finishing with 0 connections open.
[INFO]	Base_Config_1RAN.ue[61].tcp: finishing with 0 connections open.
[INFO]	Base_Config_1RAN.ue[62].tcp: finishing with 0 connections open.
[INFO]	Base_Config_1RAN.ue[63].tcp: finishing with 0 connections open.
[INFO]	Base_Config_1RAN.ue[64].tcp: finishing with 0 connections open.
[INFO]	Base_Config_1RAN.ue[65].tcp: finishing with 0 connections open.
[INFO]	Base_Config_1RAN.ue[66].tcp: finishing with 0 connections open.
[INFO]	Base_Config_1RAN.ue[67].tcp: finishing with 0 connections open.
[INFO]	Base_Config_1RAN.ue[68].tcp: finishing with 0 connections open.
[INFO]	Base_Config_1RAN.ue[69].tcp: finishing with 0 connections open.
[INFO]	Base_Config_1RAN.ue[70].tcp: finishing with 0 connections open.
[INFO]	Base_Config_1RAN.ue[71].tcp: finishing with 0 connections open.
[INFO]	Base_Config_1RAN.ue[72].tcp: finishing with 0 connections open.
[INFO]	Base_Config_1RAN.ue[73].tcp: finishing with 0 connections open.
[INFO]	Base_Config_1RAN.ue[74].tcp: finishing with 0 connections open.
[INFO]	Base_Config_1RAN.ue[75].tcp: finishing with 0 connections open.
[INFO]	Base_Config_1RAN.ue[76].tcp: finishing with 0 connections open.
[INFO]	Base_Config_1RAN.ue[77].tcp: finishing with 0 connections open.
[INFO]	Base_Config_1RAN.ue[78].tcp: finishing with 0 connections open.
[INFO]	Base_Config_1RAN.ue[79].tcp: finishing with 0 connections open.
[INFO]	Base_Config_1RAN.ue[80].tcp: finishing with 0 connections open.
[INFO]	Base_Config_1RAN.ue[81].tcp: finishing with 0 connections open.
[INFO]	Base_Config_1RAN.ue[82].tcp: finishing with 0 connections open.
[INFO]	Base_Config_1RAN.ue[83].tcp: finishing with 0 connections open.
[INFO]	Base_Config_1RAN.ue[84].tcp: finishing with 0 connections open.
[INFO]	Base_Config_1RAN.ue[85].tcp: finishing with 0 connections open.
[INFO]	Base_Config_1RAN.ue[86].tcp: finishing with 0 connections open.
[INFO]	Base_Config_1RAN.ue[87].tcp: finishing with 0 connections open.
[INFO]	Base_Config_1RAN.ue[88].tcp: finishing with 0 connections open.
[INFO]	Base_Config_1RAN.ue[89].tcp: finishing with 0 connections open.
[INFO]	Base_Config_1RAN.ue[90].tcp: finishing with 0 connections open.
[INFO]	Base_Config_1RAN.ue[91].tcp: finishing with 0 connections open.
[INFO]	Base_Config_1RAN.ue[92].tcp: finishing with 0 connections open.
[INFO]	Base_Config_1RAN.ue[93].tcp: finishing with 0 connections open.
[INFO]	Base_Config_1RAN.ue[94].tcp: finishing with 0 connections open.
[INFO]	Base_Config_1RAN.ue[95].tcp: finishing with 0 connections open.
[INFO]	Base_Config_1RAN.ue[96].tcp: finishing with 0 connections open.
[INFO]	Base_Config_1RAN.ue[97].tcp: finishing with 0 connections open.
[INFO]	Base_Config_1RAN.ue[98].tcp: finishing with 0 connections open.
[INFO]	Base_Config_1RAN.ue[99].tcp: finishing with 0 connections open.
[INFO]	LTH : Simulation end detected. Running post-simulation command.
[INFO]	Vector file path: ../../..//results/TC-Base-Mob100-001/$numUEs=100, $u=0, $numRbs=2, $simtime=3600s-repit-0.vec
[INFO]	LTH : Dataset store command  opp_scavetool x '../../..//results/TC-Base-Mob100-001/$numUEs=100, $u=0, $numRbs=2, $simtime=3600s-repit-0.vec' -F JSON -o '../../..//sim_dataset/$numUEs=100, $u=0, $numRbs=2, $simtime=3600s-repit-0-vector-data.json'
[INFO]	LTH : Post-simulation command executed successfully.
[INFO]	-***********LTH I am inside ~Binder()-> if cond for postInitMessage and try and canceel and delete
[INFO]	** Signal at T=3600 to Base_Config_1RAN.upf.ipv4.routingTable: interfaceStateChanged pppIf ID:102 MTU:4470 UP NOCARRIER MULTICAST POINTTOPOINT macAddr:n/a Ipv4:{inet_addr:10.0.0.2/30 mcastgrps:224.0.0.1,224.0.0.2} changed field: 0
[INFO]	 
[INFO]	** Signal at T=3600 to Base_Config_1RAN.upf.ipv4.configurator: interfaceStateChanged pppIf ID:102 MTU:4470 UP NOCARRIER MULTICAST POINTTOPOINT macAddr:n/a Ipv4:{inet_addr:10.0.0.2/30 mcastgrps:224.0.0.1,224.0.0.2} changed field: 0
[INFO]	 
[INFO]	** Signal at T=3600 to Base_Config_1RAN.internetCloud.ipv4.routingTable: interfaceStateChanged ppp0 ID:100 MTU:4470 UP NOCARRIER MULTICAST POINTTOPOINT macAddr:n/a Ipv4:{inet_addr:10.0.0.1/30 mcastgrps:224.0.0.1,224.0.0.2} changed field: 0
[INFO]	 
[INFO]	** Signal at T=3600 to Base_Config_1RAN.internetCloud.ipv4.configurator: interfaceStateChanged ppp0 ID:100 MTU:4470 UP NOCARRIER MULTICAST POINTTOPOINT macAddr:n/a Ipv4:{inet_addr:10.0.0.1/30 mcastgrps:224.0.0.1,224.0.0.2} changed field: 0
[INFO]	 
[INFO]	** Signal at T=3600 to Base_Config_1RAN.localRouter.ipv4.routingTable: interfaceStateChanged eth0 ID:102 MTU:1500 UP BROADCAST NOCARRIER MULTICAST macAddr:0A-AA-00-00-00-01 Ipv4:{inet_addr:10.0.0.6/30 mcastgrps:224.0.0.1,224.0.0.2} changed field: 0
[INFO]	 
[INFO]	** Signal at T=3600 to Base_Config_1RAN.localRouter.ipv4.configurator: interfaceStateChanged eth0 ID:102 MTU:1500 UP BROADCAST NOCARRIER MULTICAST macAddr:0A-AA-00-00-00-01 Ipv4:{inet_addr:10.0.0.6/30 mcastgrps:224.0.0.1,224.0.0.2} changed field: 0
[INFO]	 
[INFO]	** Signal at T=3600 to Base_Config_1RAN.localRouter.ipv4.routingTable: interfaceConfigChanged eth0 ID:102 MTU:1500 UP BROADCAST NOCARRIER MULTICAST macAddr:0A-AA-00-00-00-01 Ipv4:{inet_addr:10.0.0.6/30 mcastgrps:224.0.0.1,224.0.0.2} changed field: 10
[INFO]	 
[INFO]	** Signal at T=3600 to Base_Config_1RAN.internetCloud.ipv4.routingTable: interfaceStateChanged ppp1 ID:101 MTU:4470 UP NOCARRIER MULTICAST POINTTOPOINT macAddr:n/a Ipv4:{inet_addr:10.0.0.5/30 mcastgrps:224.0.0.1,224.0.0.2} changed field: 0
[INFO]	 
[INFO]	** Signal at T=3600 to Base_Config_1RAN.internetCloud.ipv4.configurator: interfaceStateChanged ppp1 ID:101 MTU:4470 UP NOCARRIER MULTICAST POINTTOPOINT macAddr:n/a Ipv4:{inet_addr:10.0.0.5/30 mcastgrps:224.0.0.1,224.0.0.2} changed field: 0
[INFO]	 
[INFO]	** Signal at T=3600 to Base_Config_1RAN.remoteServer.ipv4.routingTable: interfaceStateChanged ppp0 ID:101 MTU:4470 UP NOCARRIER MULTICAST POINTTOPOINT macAddr:n/a Ipv4:{inet_addr:10.0.0.10/30 mcastgrps:224.0.0.1} changed field: 0
[INFO]	 
[INFO]	** Signal at T=3600 to Base_Config_1RAN.remoteServer.ipv4.configurator: interfaceStateChanged ppp0 ID:101 MTU:4470 UP NOCARRIER MULTICAST POINTTOPOINT macAddr:n/a Ipv4:{inet_addr:10.0.0.10/30 mcastgrps:224.0.0.1} changed field: 0
[INFO]	 
[INFO]	** Signal at T=3600 to Base_Config_1RAN.localRouter.ipv4.routingTable: interfaceStateChanged ppp0 ID:101 MTU:4470 UP NOCARRIER MULTICAST POINTTOPOINT macAddr:n/a Ipv4:{inet_addr:10.0.0.9/30 mcastgrps:224.0.0.1,224.0.0.2} changed field: 0
[INFO]	 
[INFO]	** Signal at T=3600 to Base_Config_1RAN.localRouter.ipv4.configurator: interfaceStateChanged ppp0 ID:101 MTU:4470 UP NOCARRIER MULTICAST POINTTOPOINT macAddr:n/a Ipv4:{inet_addr:10.0.0.9/30 mcastgrps:224.0.0.1,224.0.0.2} changed field: 0
[INFO]	 
[INFO]	Clear all sockets
[INFO]	** Signal at T=3600 to Base_Config_1RAN.iUpf.ipv4.routingTable: interfaceStateChanged eth0 ID:102 MTU:1500 UP BROADCAST NOCARRIER MULTICAST macAddr:0A-AA-00-00-00-03 Ipv4:{inet_addr:10.0.0.14/30 mcastgrps:224.0.0.1,224.0.0.2} changed field: 0
[INFO]	 
[INFO]	** Signal at T=3600 to Base_Config_1RAN.iUpf.ipv4.configurator: interfaceStateChanged eth0 ID:102 MTU:1500 UP BROADCAST NOCARRIER MULTICAST macAddr:0A-AA-00-00-00-03 Ipv4:{inet_addr:10.0.0.14/30 mcastgrps:224.0.0.1,224.0.0.2} changed field: 0
[INFO]	 
[INFO]	** Signal at T=3600 to Base_Config_1RAN.iUpf.ipv4.routingTable: interfaceConfigChanged eth0 ID:102 MTU:1500 UP BROADCAST NOCARRIER MULTICAST macAddr:0A-AA-00-00-00-03 Ipv4:{inet_addr:10.0.0.14/30 mcastgrps:224.0.0.1,224.0.0.2} changed field: 10
[INFO]	 
[INFO]	** Signal at T=3600 to Base_Config_1RAN.upf.ipv4.routingTable: interfaceStateChanged eth0 ID:101 MTU:1500 UP BROADCAST NOCARRIER MULTICAST macAddr:0A-AA-00-00-00-02 Ipv4:{inet_addr:10.0.0.13/30 mcastgrps:224.0.0.1,224.0.0.2} changed field: 0
[INFO]	 
[INFO]	** Signal at T=3600 to Base_Config_1RAN.upf.ipv4.configurator: interfaceStateChanged eth0 ID:101 MTU:1500 UP BROADCAST NOCARRIER MULTICAST macAddr:0A-AA-00-00-00-02 Ipv4:{inet_addr:10.0.0.13/30 mcastgrps:224.0.0.1,224.0.0.2} changed field: 0
[INFO]	 
[INFO]	** Signal at T=3600 to Base_Config_1RAN.upf.ipv4.routingTable: interfaceConfigChanged eth0 ID:101 MTU:1500 UP BROADCAST NOCARRIER MULTICAST macAddr:0A-AA-00-00-00-02 Ipv4:{inet_addr:10.0.0.13/30 mcastgrps:224.0.0.1,224.0.0.2} changed field: 10
[INFO]	 
[INFO]	Clear all sockets
[INFO]	** Signal at T=3600 to Base_Config_1RAN.gnb1.ipv4.routingTable: interfaceStateChanged pppIf ID:101 MTU:4470 UP NOCARRIER MULTICAST POINTTOPOINT macAddr:n/a Ipv4:{inet_addr:10.0.0.18/30 mcastgrps:224.0.0.1,224.0.0.2} changed field: 0
[INFO]	 
[INFO]	** Signal at T=3600 to Base_Config_1RAN.gnb1.ipv4.configurator: interfaceStateChanged pppIf ID:101 MTU:4470 UP NOCARRIER MULTICAST POINTTOPOINT macAddr:n/a Ipv4:{inet_addr:10.0.0.18/30 mcastgrps:224.0.0.1,224.0.0.2} changed field: 0
[INFO]	 
[INFO]	** Signal at T=3600 to Base_Config_1RAN.iUpf.ipv4.routingTable: interfaceStateChanged ppp0 ID:101 MTU:4470 UP NOCARRIER MULTICAST POINTTOPOINT macAddr:n/a Ipv4:{inet_addr:10.0.0.17/30 mcastgrps:224.0.0.1,224.0.0.2} changed field: 0
[INFO]	 
[INFO]	** Signal at T=3600 to Base_Config_1RAN.iUpf.ipv4.configurator: interfaceStateChanged ppp0 ID:101 MTU:4470 UP NOCARRIER MULTICAST POINTTOPOINT macAddr:n/a Ipv4:{inet_addr:10.0.0.17/30 mcastgrps:224.0.0.1,224.0.0.2} changed field: 0
[INFO]	 
[INFO]	Clear all sockets
[INFO]	Clear all sockets
[INFO]	Clear all sockets
[INFO]	Clear all sockets
[INFO]	Clear all sockets
[INFO]	Clear all sockets
[INFO]	Clear all sockets
[INFO]	Clear all sockets
[INFO]	Clear all sockets
[INFO]	Clear all sockets
[INFO]	Clear all sockets
[INFO]	Clear all sockets
[INFO]	Clear all sockets
[INFO]	Clear all sockets
[INFO]	Clear all sockets
[INFO]	Clear all sockets
[INFO]	Clear all sockets
[INFO]	Clear all sockets
[INFO]	Clear all sockets
[INFO]	Clear all sockets
[INFO]	Clear all sockets
[INFO]	Clear all sockets
[INFO]	Clear all sockets
[INFO]	Clear all sockets
[INFO]	Clear all sockets
[INFO]	Clear all sockets
[INFO]	Clear all sockets
[INFO]	Clear all sockets
[INFO]	Clear all sockets
[INFO]	Clear all sockets
[INFO]	Clear all sockets
[INFO]	Clear all sockets
[INFO]	Clear all sockets
[INFO]	Clear all sockets
[INFO]	Clear all sockets
[INFO]	Clear all sockets
[INFO]	Clear all sockets
[INFO]	Clear all sockets
[INFO]	Clear all sockets
[INFO]	Clear all sockets
[INFO]	Clear all sockets
[INFO]	Clear all sockets
[INFO]	Clear all sockets
[INFO]	Clear all sockets
[INFO]	Clear all sockets
[INFO]	Clear all sockets
[INFO]	Clear all sockets
[INFO]	Clear all sockets
[INFO]	Clear all sockets
[INFO]	Clear all sockets
[INFO]	Clear all sockets
[INFO]	Clear all sockets
[INFO]	Clear all sockets
[INFO]	Clear all sockets
[INFO]	Clear all sockets
[INFO]	Clear all sockets
[INFO]	Clear all sockets
[INFO]	Clear all sockets
[INFO]	Clear all sockets
[INFO]	Clear all sockets
[INFO]	Clear all sockets
[INFO]	Clear all sockets
[INFO]	Clear all sockets
[INFO]	Clear all sockets
[INFO]	Clear all sockets
[INFO]	Clear all sockets
[INFO]	Clear all sockets
[INFO]	Clear all sockets
[INFO]	Clear all sockets
[INFO]	Clear all sockets
[INFO]	Clear all sockets
[INFO]	Clear all sockets
[INFO]	Clear all sockets
[INFO]	Clear all sockets
[INFO]	Clear all sockets
[INFO]	Clear all sockets
[INFO]	Clear all sockets
[INFO]	Clear all sockets
[INFO]	Clear all sockets
[INFO]	Clear all sockets
[INFO]	Clear all sockets
[INFO]	Clear all sockets
[INFO]	Clear all sockets
[INFO]	Clear all sockets
[INFO]	Clear all sockets
[INFO]	Clear all sockets
[INFO]	Clear all sockets
[INFO]	Clear all sockets
[INFO]	Clear all sockets
[INFO]	Clear all sockets
[INFO]	Clear all sockets
[INFO]	Clear all sockets
[INFO]	Clear all sockets
[INFO]	Clear all sockets
[INFO]	Clear all sockets
[INFO]	Clear all sockets
[INFO]	Clear all sockets
[INFO]	Clear all sockets
[INFO]	Clear all sockets
[INFO]	Clear all sockets
[INFO]	Clear all sockets
[INFO]	Clear all sockets

End.
